d:\vs2017\c++语法再次复习\genwoyiqixuec++\calculator11\project1\debug\vc141.pdb
d:\vs2017\c++语法再次复习\genwoyiqixuec++\calculator11\project1\debug\vc141.idb
d:\vs2017\c++语法再次复习\genwoyiqixuec++\calculator11\project1\debug\symboltable.obj
d:\vs2017\c++语法再次复习\genwoyiqixuec++\calculator11\project1\debug\storage.obj
d:\vs2017\c++语法再次复习\genwoyiqixuec++\calculator11\project1\debug\scanner.obj
d:\vs2017\c++语法再次复习\genwoyiqixuec++\calculator11\project1\debug\parser.obj
d:\vs2017\c++语法再次复习\genwoyiqixuec++\calculator11\project1\debug\node.obj
d:\vs2017\c++语法再次复习\genwoyiqixuec++\calculator11\project1\debug\main.obj
d:\vs2017\c++语法再次复习\genwoyiqixuec++\calculator11\project1\debug\functiontable.obj
d:\vs2017\c++语法再次复习\genwoyiqixuec++\calculator11\project1\debug\exception.obj
d:\vs2017\c++语法再次复习\genwoyiqixuec++\calculator11\project1\debug\calc.obj
d:\vs2017\c++语法再次复习\genwoyiqixuec++\calculator13\project1\debug\vc141.pdb
d:\vs2017\c++语法再次复习\genwoyiqixuec++\calculator13\project1\debug\vc141.idb
d:\vs2017\c++语法再次复习\genwoyiqixuec++\calculator13\project1\debug\symboltable.obj
d:\vs2017\c++语法再次复习\genwoyiqixuec++\calculator13\project1\debug\storage.obj
d:\vs2017\c++语法再次复习\genwoyiqixuec++\calculator13\project1\debug\scanner.obj
d:\vs2017\c++语法再次复习\genwoyiqixuec++\calculator13\project1\debug\parser.obj
d:\vs2017\c++语法再次复习\genwoyiqixuec++\calculator13\project1\debug\node.obj
d:\vs2017\c++语法再次复习\genwoyiqixuec++\calculator13\project1\debug\main.obj
d:\vs2017\c++语法再次复习\genwoyiqixuec++\calculator13\project1\debug\functiontable.obj
d:\vs2017\c++语法再次复习\genwoyiqixuec++\calculator13\project1\debug\exception.obj
d:\vs2017\c++语法再次复习\genwoyiqixuec++\calculator13\project1\debug\calc.obj
d:\vs2017\c++语法再次复习\genwoyiqixuec++\calculator13\project1\debug\tracer.obj
d:\vs2017\c++语法再次复习\genwoyiqixuec++\calculator14\project1\debug\vc141.pdb
d:\vs2017\c++语法再次复习\genwoyiqixuec++\calculator14\project1\debug\vc141.idb
d:\vs2017\c++语法再次复习\genwoyiqixuec++\calculator14\project1\debug\symboltable.obj
d:\vs2017\c++语法再次复习\genwoyiqixuec++\calculator14\project1\debug\storage.obj
d:\vs2017\c++语法再次复习\genwoyiqixuec++\calculator14\project1\debug\scanner.obj
d:\vs2017\c++语法再次复习\genwoyiqixuec++\calculator14\project1\debug\parser.obj
d:\vs2017\c++语法再次复习\genwoyiqixuec++\calculator14\project1\debug\node.obj
d:\vs2017\c++语法再次复习\genwoyiqixuec++\calculator14\project1\debug\main.obj
d:\vs2017\c++语法再次复习\genwoyiqixuec++\calculator14\project1\debug\functiontable.obj
d:\vs2017\c++语法再次复习\genwoyiqixuec++\calculator14\project1\debug\exception.obj
d:\vs2017\c++语法再次复习\genwoyiqixuec++\calculator14\project1\debug\calc.obj
d:\vs2017\c++语法再次复习\genwoyiqixuec++\calculator14\project1\debug\tracer.obj
d:\vs2017\c++语法再次复习\genwoyiqixuec++\calculator15\project1\debug\vc141.pdb
d:\vs2017\c++语法再次复习\genwoyiqixuec++\calculator15\project1\debug\vc141.idb
d:\vs2017\c++语法再次复习\genwoyiqixuec++\calculator15\project1\debug\symboltable.obj
d:\vs2017\c++语法再次复习\genwoyiqixuec++\calculator15\project1\debug\storage.obj
d:\vs2017\c++语法再次复习\genwoyiqixuec++\calculator15\project1\debug\scanner.obj
d:\vs2017\c++语法再次复习\genwoyiqixuec++\calculator15\project1\debug\parser.obj
d:\vs2017\c++语法再次复习\genwoyiqixuec++\calculator15\project1\debug\main.obj
d:\vs2017\c++语法再次复习\genwoyiqixuec++\calculator15\project1\debug\functiontable.obj
d:\vs2017\c++语法再次复习\genwoyiqixuec++\calculator15\project1\debug\exception.obj
d:\vs2017\c++语法再次复习\genwoyiqixuec++\calculator15\project1\debug\calc.obj
d:\vs2017\c++语法再次复习\genwoyiqixuec++\calculator15\project1\debug\tracer.obj
d:\vs2017\c++语法再次复习\genwoyiqixuec++\calculator15\project1\debug\node.obj
d:\vs2017\c++语法再次复习\genwoyiqixuec++\calculator17\project1\debug\vc141.pdb
d:\vs2017\c++语法再次复习\genwoyiqixuec++\calculator17\project1\debug\vc141.idb
d:\vs2017\c++语法再次复习\genwoyiqixuec++\calculator17\project1\debug\symboltable.obj
d:\vs2017\c++语法再次复习\genwoyiqixuec++\calculator17\project1\debug\storage.obj
d:\vs2017\c++语法再次复习\genwoyiqixuec++\calculator17\project1\debug\scanner.obj
d:\vs2017\c++语法再次复习\genwoyiqixuec++\calculator17\project1\debug\parser.obj
d:\vs2017\c++语法再次复习\genwoyiqixuec++\calculator17\project1\debug\node.obj
d:\vs2017\c++语法再次复习\genwoyiqixuec++\calculator17\project1\debug\main.obj
d:\vs2017\c++语法再次复习\genwoyiqixuec++\calculator17\project1\debug\functiontable.obj
d:\vs2017\c++语法再次复习\genwoyiqixuec++\calculator17\project1\debug\exception.obj
d:\vs2017\c++语法再次复习\genwoyiqixuec++\calculator17\project1\debug\commandparser.obj
d:\vs2017\c++语法再次复习\genwoyiqixuec++\calculator17\project1\debug\calc.obj
d:\vs2017\c++语法再次复习\genwoyiqixuec++\calculator17\project1\debug\tracer.obj
d:\vs2017\c++语法再次复习\genwoyiqixuec++\calculator19\project1\debug\vc141.pdb
d:\vs2017\c++语法再次复习\genwoyiqixuec++\calculator19\project1\debug\vc141.idb
d:\vs2017\c++语法再次复习\genwoyiqixuec++\calculator19\project1\debug\symboltable.obj
d:\vs2017\c++语法再次复习\genwoyiqixuec++\calculator19\project1\debug\storage.obj
d:\vs2017\c++语法再次复习\genwoyiqixuec++\calculator19\project1\debug\serial.obj
d:\vs2017\c++语法再次复习\genwoyiqixuec++\calculator19\project1\debug\scanner.obj
d:\vs2017\c++语法再次复习\genwoyiqixuec++\calculator19\project1\debug\parser.obj
d:\vs2017\c++语法再次复习\genwoyiqixuec++\calculator19\project1\debug\node.obj
d:\vs2017\c++语法再次复习\genwoyiqixuec++\calculator19\project1\debug\main.obj
d:\vs2017\c++语法再次复习\genwoyiqixuec++\calculator19\project1\debug\functiontable.obj
d:\vs2017\c++语法再次复习\genwoyiqixuec++\calculator19\project1\debug\exception.obj
d:\vs2017\c++语法再次复习\genwoyiqixuec++\calculator19\project1\debug\commandparser.obj
d:\vs2017\c++语法再次复习\genwoyiqixuec++\calculator19\project1\debug\calc.obj
d:\vs2017\c++语法再次复习\genwoyiqixuec++\calculator19\project1\debug\tracer.obj
d:\vs2017\c++语法再次复习\genwoyiqixuec++\calculator11\debug\calculator.ilk
d:\vs2017\c++语法再次复习\genwoyiqixuec++\calculator11\debug\calculator.exe
d:\vs2017\c++语法再次复习\genwoyiqixuec++\calculator11\debug\calculator.pdb
d:\vs2017\c++语法再次复习\genwoyiqixuec++\calculator13\debug\calculator.exe
d:\vs2017\c++语法再次复习\genwoyiqixuec++\calculator13\debug\calculator.ilk
d:\vs2017\c++语法再次复习\genwoyiqixuec++\calculator13\debug\calculator.pdb
d:\vs2017\c++语法再次复习\genwoyiqixuec++\calculator14\debug\calculator.exe
d:\vs2017\c++语法再次复习\genwoyiqixuec++\calculator14\debug\calculator.ilk
d:\vs2017\c++语法再次复习\genwoyiqixuec++\calculator14\debug\calculator.pdb
d:\vs2017\c++语法再次复习\genwoyiqixuec++\calculator15\debug\calculator.exe
d:\vs2017\c++语法再次复习\genwoyiqixuec++\calculator15\debug\calculator.ilk
d:\vs2017\c++语法再次复习\genwoyiqixuec++\calculator15\debug\calculator.pdb
d:\vs2017\c++语法再次复习\genwoyiqixuec++\calculator17\debug\calculator.exe
d:\vs2017\c++语法再次复习\genwoyiqixuec++\calculator17\debug\calculator.ilk
d:\vs2017\c++语法再次复习\genwoyiqixuec++\calculator17\debug\calculator.pdb
d:\vs2017\c++语法再次复习\genwoyiqixuec++\calculator19\debug\calculator.exe
d:\vs2017\c++语法再次复习\genwoyiqixuec++\calculator19\debug\calculator.ilk
d:\vs2017\c++语法再次复习\genwoyiqixuec++\calculator19\debug\calculator.pdb
d:\vs2017\c++语法再次复习\genwoyiqixuec++\calculator19\project1\debug\calculator.tlog\cl.command.1.tlog
d:\vs2017\c++语法再次复习\genwoyiqixuec++\calculator19\project1\debug\calculator.tlog\cl.read.1.tlog
d:\vs2017\c++语法再次复习\genwoyiqixuec++\calculator19\project1\debug\calculator.tlog\cl.write.1.tlog
d:\vs2017\c++语法再次复习\genwoyiqixuec++\calculator19\project1\debug\calculator.tlog\link.command.1.tlog
d:\vs2017\c++语法再次复习\genwoyiqixuec++\calculator19\project1\debug\calculator.tlog\link.read.1.tlog
d:\vs2017\c++语法再次复习\genwoyiqixuec++\calculator19\project1\debug\calculator.tlog\link.write.1.tlog
